2024-11-02 05:29:08,762 - Request URL: 'https://VerityAIVault.vault.azure.net/secrets/AZURE-CLIENT-ID/?api-version=REDACTED'
Request method: 'GET'
Request headers:
    'Accept': 'application/json'
    'x-ms-client-request-id': 'acfc4755-990d-11ef-a6a7-005056c00008'
    'User-Agent': 'azsdk-python-keyvault-secrets/4.9.0 Python/3.12.6 (Windows-11-10.0.26120-SP0)'
No body was attached to the request
2024-11-02 05:29:09,342 - Response status: 401
Response headers:
    'Cache-Control': 'no-cache'
    'Pragma': 'no-cache'
    'Content-Length': '97'
    'Content-Type': 'application/json; charset=utf-8'
    'Expires': '-1'
    'WWW-Authenticate': 'Bearer authorization="https://login.microsoftonline.com/91334908-cce5-4150-a4c3-bb766a92451a", resource="https://vault.azure.net"'
    'x-ms-keyvault-region': 'westus'
    'x-ms-client-request-id': 'acfc4755-990d-11ef-a6a7-005056c00008'
    'x-ms-request-id': '46ca1173-85f3-43bb-b6c6-e26c9219354d'
    'x-ms-keyvault-service-version': '1.9.1864.1'
    'x-ms-keyvault-network-info': 'conn_type=Ipv4;addr=35.146.132.8;act_addr_fam=InterNetwork;'
    'X-Content-Type-Options': 'REDACTED'
    'Strict-Transport-Security': 'REDACTED'
    'Date': 'Sat, 02 Nov 2024 11:29:08 GMT'
2024-11-02 05:29:10,776 - AzureCliCredential.get_token_info succeeded
2024-11-02 05:29:10,777 - Request URL: 'https://VerityAIVault.vault.azure.net/secrets/AZURE-CLIENT-ID/?api-version=REDACTED'
Request method: 'GET'
Request headers:
    'Accept': 'application/json'
    'x-ms-client-request-id': 'acfc4755-990d-11ef-a6a7-005056c00008'
    'User-Agent': 'azsdk-python-keyvault-secrets/4.9.0 Python/3.12.6 (Windows-11-10.0.26120-SP0)'
    'Authorization': 'REDACTED'
No body was attached to the request
2024-11-02 05:29:10,883 - Response status: 200
Response headers:
    'Cache-Control': 'no-cache'
    'Pragma': 'no-cache'
    'Content-Type': 'application/json; charset=utf-8'
    'Expires': '-1'
    'x-ms-keyvault-region': 'westus'
    'x-ms-client-request-id': 'acfc4755-990d-11ef-a6a7-005056c00008'
    'x-ms-request-id': '94b2d64c-a97e-4b3d-abe8-2bbba697485d'
    'x-ms-keyvault-service-version': '1.9.1864.1'
    'x-ms-keyvault-network-info': 'conn_type=Ipv4;addr=35.146.132.8;act_addr_fam=InterNetwork;'
    'x-ms-keyvault-rbac-assignment-id': 'REDACTED'
    'X-Content-Type-Options': 'REDACTED'
    'Strict-Transport-Security': 'REDACTED'
    'Date': 'Sat, 02 Nov 2024 11:29:09 GMT'
    'Content-Length': '341'
2024-11-02 05:29:10,884 - Successfully retrieved API key from Key Vault.
2024-11-02 05:29:11,546 - API Response: {'documents': [{'id': '1', 'sentiment': 'neutral', 'confidenceScores': {'positive': 0.11, 'neutral': 0.89, 'negative': 0.0}, 'sentences': [{'sentiment': 'neutral', 'confidenceScores': {'positive': 0.11, 'neutral': 0.89, 'negative': 0.0}, 'offset': 0, 'length': 5, 'text': 'hello'}], 'warnings': []}], 'errors': [], 'modelVersion': '2024-03-01'}
2024-11-02 05:29:14,019 - Committed changes:
diff --git a/__pycache__/ai_decision.cpython-312.pyc b/__pycache__/ai_decision.cpython-312.pyc
index 829ec89..de186af 100644
Binary files a/__pycache__/ai_decision.cpython-312.pyc and b/__pycache__/ai_decision.cpython-312.pyc differ
diff --git a/__pycache__/log_utils.cpython-312.pyc b/__pycache__/log_utils.cpython-312.pyc
index c6c98a2..c721b88 100644
Binary files a/__pycache__/log_utils.cpython-312.pyc and b/__pycache__/log_utils.cpython-312.pyc differ
diff --git a/decision_log.json b/decision_log.json
index 557aa0c..4ca08f0 100644
--- a/decision_log.json
+++ b/decision_log.json
@@ -5183,5 +5183,44 @@
             "modelVersion": "2024-03-01"
         },
         "context": null
+    },
+    {
+        "action": "analyze_comment",
+        "outcome": "positive",
+        "values": {
+            "truth": 1.0,
+            "benevolence": 1.0,
+            "tolerance": 1.0
+        },
+        "api_response": {
+            "documents": [
+                {
+                    "id": "1",
+                    "sentiment": "neutral",
+                    "confidenceScores": {
+                        "positive": 0.11,
+                        "neutral": 0.89,
+                        "negative": 0.0
+                    },
+                    "sentences": [
+                        {
+                            "sentiment": "neutral",
+                            "confidenceScores": {
+                                "positive": 0.11,
+                                "neutral": 0.89,
+                                "negative": 0.0
+                            },
+                            "offset": 0,
+                            "length": 5,
+                            "text": "hello"
+                        }
+                    ],
+                    "warnings": []
+                }
+            ],
+            "errors": [],
+            "modelVersion": "2024-03-01"
+        },
+        "context": null
     }
 ]
\ No newline at end of file

2024-11-02 05:29:14,019 - Reason for changes: Automated code modification
2024-11-02 05:29:14,325 - API Response: {'documents': [{'id': '1', 'sentiment': 'neutral', 'confidenceScores': {'positive': 0.04, 'neutral': 0.95, 'negative': 0.01}, 'sentences': [{'sentiment': 'neutral', 'confidenceScores': {'positive': 0.04, 'neutral': 0.95, 'negative': 0.01}, 'offset': 0, 'length': 12, 'text': 'how are you?'}], 'warnings': []}], 'errors': [], 'modelVersion': '2024-03-01'}
2024-11-02 05:29:16,664 - Committed changes:
diff --git a/decision_log.json b/decision_log.json
index 4ca08f0..c1bffb2 100644
--- a/decision_log.json
+++ b/decision_log.json
@@ -5222,5 +5222,44 @@
             "modelVersion": "2024-03-01"
         },
         "context": null
+    },
+    {
+        "action": "analyze_comment",
+        "outcome": "positive",
+        "values": {
+            "truth": 1.0,
+            "benevolence": 1.0,
+            "tolerance": 1.0
+        },
+        "api_response": {
+            "documents": [
+                {
+                    "id": "1",
+                    "sentiment": "neutral",
+                    "confidenceScores": {
+                        "positive": 0.04,
+                        "neutral": 0.95,
+                        "negative": 0.01
+                    },
+                    "sentences": [
+                        {
+                            "sentiment": "neutral",
+                            "confidenceScores": {
+                                "positive": 0.04,
+                                "neutral": 0.95,
+                                "negative": 0.01
+                            },
+                            "offset": 0,
+                            "length": 12,
+                            "text": "how are you?"
+                        }
+                    ],
+                    "warnings": []
+                }
+            ],
+            "errors": [],
+            "modelVersion": "2024-03-01"
+        },
+        "context": null
     }
 ]
\ No newline at end of file
diff --git a/memory.json b/memory.json
index 0a93172..7dd5cce 100644
--- a/memory.json
+++ b/memory.json
@@ -1 +1 @@
-[["be_benevolent", "positive"], ["be_benevolent", "negative"], ["tell_truth", "positive"], ["tell_truth", "negative"], ["tell_truth", "negative"], ["tell_truth", "negative"], ["analyze_comment", "positive"], ["tell_truth", "positive"], ["tell_truth", "positive"], ["be_benevolent", "negative"], ["be_tolerant", "positive"], ["be_benevolent", "negative"], ["be_benevolent", "negative"], ["be_tolerant", "positive"], ["tell_truth", "positive"], ["be_tolerant", "negative"], ["tell_truth", "negative"], ["be_benevolent", "negative"], ["analyze_comment", "positive"], ["be_tolerant", "negative"], ["be_benevolent", "positive"], ["be_tolerant", "positive"], ["analyze_comment", "positive"], ["tell_truth", "positive"], ["be_benevolent", "positive"], ["analyze_comment", "positive"], ["be_tolerant", "negative"], ["analyze_comment", "positive"], ["be_tolerant", "negative"], ["tell_truth", "negative"], ["analyze_comment", "positive"], ["tell_truth", "positive"], ["be_tolerant", "negative"], ["be_benevolent", "positive"], ["analyze_comment", "positive"], ["be_tolerant", "positive"], ["analyze_comment", "positive"], ["be_benevolent", "negative"], ["be_benevolent", "positive"], ["tell_truth", "positive"], ["tell_truth", "positive"], ["be_tolerant", "positive"], ["analyze_comment", "positive"], ["be_tolerant", "negative"], ["tell_truth", "positive"], ["be_tolerant", "positive"], ["tell_truth", "negative"], ["be_benevolent", "negative"], ["analyze_comment", "positive"], ["be_benevolent", "positive"], ["be_tolerant", "negative"], ["analyze_comment", "positive"], ["tell_truth", "negative"], ["be_tolerant", "positive"], ["tell_truth", "positive"], ["analyze_comment", "positive"], ["analyze_comment", "positive"], ["analyze_comment", "positive"], ["analyze_comment", "positive"], ["analyze_comment", "positive"], ["analyze_comment", "positive"], ["analyze_comment", "positive"], ["analyze_comment", "positive"], ["analyze_comment", "positive"], ["analyze_comment", "positive"], ["analyze_comment", "positive"], ["analyze_comment", "positive"], ["analyze_comment", "positive"], ["analyze_comment", "positive"], ["analyze_comment", "positive"], ["analyze_comment", "positive"], ["analyze_comment", "positive"], ["analyze_comment", "positive"], ["analyze_comment", "positive"], ["analyze_comment", "positive"], ["analyze_comment", "positive"], ["analyze_comment", "positive"], ["analyze_comment", "positive"], ["analyze_comment", "positive"], ["analyze_comment", "positive"], ["analyze_comment", "positive"], ["analyze_comment", "positive"], ["analyze_comment", "positive"], ["analyze_comment", "positive"], ["analyze_comment", "positive"], ["analyze_comment", "positive"], ["analyze_comment", "positive"], ["analyze_comment", "positive"], ["analyze_comment", "positive"], ["analyze_comment", "positive"], ["analyze_comment", "positive"], ["analyze_comment", "positive"], ["analyze_comment", "positive"], ["analyze_comment", "positive"], ["analyze_comment", "positive"], ["analyze_comment", "positive"], ["analyze_comment", "positive"], ["analyze_comment", "positive"], ["analyze_comment", "positive"], ["analyze_comment", "positive"], ["analyze_comment", "positive"], ["analyze_comment", "positive"], ["analyze_comment", "positive"], ["analyze_comment", "positive"], ["analyze_comment", "positive"], ["analyze_comment", "positive"], ["analyze_comment", "positive"], ["analyze_comment", "positive"], ["analyze_comment", "positive"], ["analyze_comment", "positive"], ["analyze_comment", "positive"], ["analyze_comment", "positive"], ["analyze_comment", "positive"], ["analyze_comment", "positive"], ["analyze_comment", "positive"], ["analyze_comment", "positive"], ["analyze_comment", "positive"], ["analyze_comment", "positive"], ["analyze_comment", "positive"], ["analyze_comment", "positive"], ["analyze_comment", "positive"], ["analyze_comment", "positive"], ["analyze_comment", "positive"], ["analyze_comment", "positive"], ["analyze_comment", "positive"], ["analyze_comment", "positive"], ["analyze_comment", "positive"], ["analyze_comment", "positive"], ["analyze_comment", "positive"], ["analyze_comment", "positive"], ["analyze_comment", "positive"], ["analyze_comment", "positive"], ["analyze_comment", "positive"], ["analyze_comment", "positive"], ["analyze_comment", "positive"], ["analyze_comment", "positive"], ["analyze_comment", "positive"], ["analyze_comment", "positive"], ["analyze_comment", "positive"], ["analyze_comment", "positive"], ["analyze_comment", "positive"], ["analyze_comment", "positive"], ["analyze_comment", "positive"], ["analyze_comment", "positive"], ["analyze_comment", "positive"], ["analyze_comment", "positive"], ["analyze_comment", "positive"], ["analyze_comment", "positive"], ["analyze_comment", "positive"], ["analyze_comment", "positive"], ["analyze_comment", "positive"], ["analyze_comment", "positive"], ["analyze_comment", "positive"], ["analyze_comment", "positive"], ["analyze_comment", "positive"], ["analyze_comment", "positive"], ["analyze_comment", "positive"], ["analyze_comment", "positive"], ["analyze_comment", "positive"], ["analyze_comment", "positive"], ["analyze_comment", "positive"], ["analyze_comment", "positive"], ["analyze_comment", "positive"], ["analyze_comment", "positive"]]
\ No newline at end of file
+[["be_benevolent", "positive"], ["be_benevolent", "negative"], ["tell_truth", "positive"], ["tell_truth", "negative"], ["tell_truth", "negative"], ["tell_truth", "negative"], ["analyze_comment", "positive"], ["tell_truth", "positive"], ["tell_truth", "positive"], ["be_benevolent", "negative"], ["be_tolerant", "positive"], ["be_benevolent", "negative"], ["be_benevolent", "negative"], ["be_tolerant", "positive"], ["tell_truth", "positive"], ["be_tolerant", "negative"], ["tell_truth", "negative"], ["be_benevolent", "negative"], ["analyze_comment", "positive"], ["be_tolerant", "negative"], ["be_benevolent", "positive"], ["be_tolerant", "positive"], ["analyze_comment", "positive"], ["tell_truth", "positive"], ["be_benevolent", "positive"], ["analyze_comment", "positive"], ["be_tolerant", "negative"], ["analyze_comment", "positive"], ["be_tolerant", "negative"], ["tell_truth", "negative"], ["analyze_comment", "positive"], ["tell_truth", "positive"], ["be_tolerant", "negative"], ["be_benevolent", "positive"], ["analyze_comment", "positive"], ["be_tolerant", "positive"], ["analyze_comment", "positive"], ["be_benevolent", "negative"], ["be_benevolent", "positive"], ["tell_truth", "positive"], ["tell_truth", "positive"], ["be_tolerant", "positive"], ["analyze_comment", "positive"], ["be_tolerant", "negative"], ["tell_truth", "positive"], ["be_tolerant", "positive"], ["tell_truth", "negative"], ["be_benevolent", "negative"], ["analyze_comment", "positive"], ["be_benevolent", "positive"], ["be_tolerant", "negative"], ["analyze_comment", "positive"], ["tell_truth", "negative"], ["be_tolerant", "positive"], ["tell_truth", "positive"], ["analyze_comment", "positive"], ["analyze_comment", "positive"], ["analyze_comment", "positive"], ["analyze_comment", "positive"], ["analyze_comment", "positive"], ["analyze_comment", "positive"], ["analyze_comment", "positive"], ["analyze_comment", "positive"], ["analyze_comment", "positive"], ["analyze_comment", "positive"], ["analyze_comment", "positive"], ["analyze_comment", "positive"], ["analyze_comment", "positive"], ["analyze_comment", "positive"], ["analyze_comment", "positive"], ["analyze_comment", "positive"], ["analyze_comment", "positive"], ["analyze_comment", "positive"], ["analyze_comment", "positive"], ["analyze_comment", "positive"], ["analyze_comment", "positive"], ["analyze_comment", "positive"], ["analyze_comment", "positive"], ["analyze_comment", "positive"], ["analyze_comment", "positive"], ["analyze_comment", "positive"], ["analyze_comment", "positive"], ["analyze_comment", "positive"], ["analyze_comment", "positive"], ["analyze_comment", "positive"], ["analyze_comment", "positive"], ["analyze_comment", "positive"], ["analyze_comment", "positive"], ["analyze_comment", "positive"], ["analyze_comment", "positive"], ["analyze_comment", "positive"], ["analyze_comment", "positive"], ["analyze_comment", "positive"], ["analyze_comment", "positive"], ["analyze_comment", "positive"], ["analyze_comment", "positive"], ["analyze_comment", "positive"], ["analyze_comment", "positive"], ["analyze_comment", "positive"], ["analyze_comment", "positive"], ["analyze_comment", "positive"], ["analyze_comment", "positive"], ["analyze_comment", "positive"], ["analyze_comment", "positive"], ["analyze_comment", "positive"], ["analyze_comment", "positive"], ["analyze_comment", "positive"], ["analyze_comment", "positive"], ["analyze_comment", "positive"], ["analyze_comment", "positive"], ["analyze_comment", "positive"], ["analyze_comment", "positive"], ["analyze_comment", "positive"], ["analyze_comment", "positive"], ["analyze_comment", "positive"], ["analyze_comment", "positive"], ["analyze_comment", "positive"], ["analyze_comment", "positive"], ["analyze_comment", "positive"], ["analyze_comment", "positive"], ["analyze_comment", "positive"], ["analyze_comment", "positive"], ["analyze_comment", "positive"], ["analyze_comment", "positive"], ["analyze_comment", "positive"], ["analyze_comment", "positive"], ["analyze_comment", "positive"], ["analyze_comment", "positive"], ["analyze_comment", "positive"], ["analyze_comment", "positive"], ["analyze_comment", "positive"], ["analyze_comment", "positive"], ["analyze_comment", "positive"], ["analyze_comment", "positive"], ["analyze_comment", "positive"], ["analyze_comment", "positive"], ["analyze_comment", "positive"], ["analyze_comment", "positive"], ["analyze_comment", "positive"], ["analyze_comment", "positive"], ["analyze_comment", "positive"], ["analyze_comment", "positive"], ["analyze_comment", "positive"], ["analyze_comment", "positive"], ["analyze_comment", "positive"], ["analyze_comment", "positive"], ["analyze_comment", "positive"], ["analyze_comment", "positive"], ["analyze_comment", "positive"], ["analyze_comment", "positive"], ["analyze_comment", "positive"], ["analyze_comment", "positive"], ["analyze_comment", "positive"], ["analyze_comment", "positive"], ["analyze_comment", "positive"], ["analyze_comment", "positive"], ["analyze_comment", "positive"], ["analyze_comment", "positive"], ["analyze_comment", "positive"], ["analyze_comment", "positive"], ["analyze_comment", "positive"], ["analyze_comment", "positive"], ["analyze_comment", "positive"], ["analyze_comment", "positive"], ["analyze_comment", "positive"]]
\ No newline at end of file
diff --git a/verityai_changes.log b/verityai_changes.log
index e69de29..086fa52 100644
--- a/verityai_changes.log
+++ b/verityai_changes.log
@@ -0,0 +1,110 @@
+2024-11-02 05:29:08,762 - Request URL: 'https://VerityAIVault.vault.azure.net/secrets/AZURE-CLIENT-ID/?api-version=REDACTED'
+Request method: 'GET'
+Request headers:
+    'Accept': 'application/json'
+    'x-ms-client-request-id': 'acfc4755-990d-11ef-a6a7-005056c00008'
+    'User-Agent': 'azsdk-python-keyvault-secrets/4.9.0 Python/3.12.6 (Windows-11-10.0.26120-SP0)'
+No body was attached to the request
+2024-11-02 05:29:09,342 - Response status: 401
+Response headers:
+    'Cache-Control': 'no-cache'
+    'Pragma': 'no-cache'
+    'Content-Length': '97'
+    'Content-Type': 'application/json; charset=utf-8'
+    'Expires': '-1'
+    'WWW-Authenticate': 'Bearer authorization="https://login.microsoftonline.com/91334908-cce5-4150-a4c3-bb766a92451a", resource="https://vault.azure.net"'
+    'x-ms-keyvault-region': 'westus'
+    'x-ms-client-request-id': 'acfc4755-990d-11ef-a6a7-005056c00008'
+    'x-ms-request-id': '46ca1173-85f3-43bb-b6c6-e26c9219354d'
+    'x-ms-keyvault-service-version': '1.9.1864.1'
+    'x-ms-keyvault-network-info': 'conn_type=Ipv4;addr=35.146.132.8;act_addr_fam=InterNetwork;'
+    'X-Content-Type-Options': 'REDACTED'
+    'Strict-Transport-Security': 'REDACTED'
+    'Date': 'Sat, 02 Nov 2024 11:29:08 GMT'
+2024-11-02 05:29:10,776 - AzureCliCredential.get_token_info succeeded
+2024-11-02 05:29:10,777 - Request URL: 'https://VerityAIVault.vault.azure.net/secrets/AZURE-CLIENT-ID/?api-version=REDACTED'
+Request method: 'GET'
+Request headers:
+    'Accept': 'application/json'
+    'x-ms-client-request-id': 'acfc4755-990d-11ef-a6a7-005056c00008'
+    'User-Agent': 'azsdk-python-keyvault-secrets/4.9.0 Python/3.12.6 (Windows-11-10.0.26120-SP0)'
+    'Authorization': 'REDACTED'
+No body was attached to the request
+2024-11-02 05:29:10,883 - Response status: 200
+Response headers:
+    'Cache-Control': 'no-cache'
+    'Pragma': 'no-cache'
+    'Content-Type': 'application/json; charset=utf-8'
+    'Expires': '-1'
+    'x-ms-keyvault-region': 'westus'
+    'x-ms-client-request-id': 'acfc4755-990d-11ef-a6a7-005056c00008'
+    'x-ms-request-id': '94b2d64c-a97e-4b3d-abe8-2bbba697485d'
+    'x-ms-keyvault-service-version': '1.9.1864.1'
+    'x-ms-keyvault-network-info': 'conn_type=Ipv4;addr=35.146.132.8;act_addr_fam=InterNetwork;'
+    'x-ms-keyvault-rbac-assignment-id': 'REDACTED'
+    'X-Content-Type-Options': 'REDACTED'
+    'Strict-Transport-Security': 'REDACTED'
+    'Date': 'Sat, 02 Nov 2024 11:29:09 GMT'
+    'Content-Length': '341'
+2024-11-02 05:29:10,884 - Successfully retrieved API key from Key Vault.
+2024-11-02 05:29:11,546 - API Response: {'documents': [{'id': '1', 'sentiment': 'neutral', 'confidenceScores': {'positive': 0.11, 'neutral': 0.89, 'negative': 0.0}, 'sentences': [{'sentiment': 'neutral', 'confidenceScores': {'positive': 0.11, 'neutral': 0.89, 'negative': 0.0}, 'offset': 0, 'length': 5, 'text': 'hello'}], 'warnings': []}], 'errors': [], 'modelVersion': '2024-03-01'}
+2024-11-02 05:29:14,019 - Committed changes:
+diff --git a/__pycache__/ai_decision.cpython-312.pyc b/__pycache__/ai_decision.cpython-312.pyc
+index 829ec89..de186af 100644
+Binary files a/__pycache__/ai_decision.cpython-312.pyc and b/__pycache__/ai_decision.cpython-312.pyc differ
+diff --git a/__pycache__/log_utils.cpython-312.pyc b/__pycache__/log_utils.cpython-312.pyc
+index c6c98a2..c721b88 100644
+Binary files a/__pycache__/log_utils.cpython-312.pyc and b/__pycache__/log_utils.cpython-312.pyc differ
+diff --git a/decision_log.json b/decision_log.json
+index 557aa0c..4ca08f0 100644
+--- a/decision_log.json
++++ b/decision_log.json
+@@ -5183,5 +5183,44 @@
+             "modelVersion": "2024-03-01"
+         },
+         "context": null
++    },
++    {
++        "action": "analyze_comment",
++        "outcome": "positive",
++        "values": {
++            "truth": 1.0,
++            "benevolence": 1.0,
++            "tolerance": 1.0
++        },
++        "api_response": {
++            "documents": [
++                {
++                    "id": "1",
++                    "sentiment": "neutral",
++                    "confidenceScores": {
++                        "positive": 0.11,
++                        "neutral": 0.89,
++                        "negative": 0.0
++                    },
++                    "sentences": [
++                        {
++                            "sentiment": "neutral",
++                            "confidenceScores": {
++                                "positive": 0.11,
++                                "neutral": 0.89,
++                                "negative": 0.0
++                            },
++                            "offset": 0,
++                            "length": 5,
++                            "text": "hello"
++                        }
++                    ],
++                    "warnings": []
++                }
++            ],
++            "errors": [],
++            "modelVersion": "2024-03-01"
++        },
++        "context": null
+     }
+ ]
+\ No newline at end of file
+
+2024-11-02 05:29:14,019 - Reason for changes: Automated code modification
+2024-11-02 05:29:14,325 - API Response: {'documents': [{'id': '1', 'sentiment': 'neutral', 'confidenceScores': {'positive': 0.04, 'neutral': 0.95, 'negative': 0.01}, 'sentences': [{'sentiment': 'neutral', 'confidenceScores': {'positive': 0.04, 'neutral': 0.95, 'negative': 0.01}, 'offset': 0, 'length': 12, 'text': 'how are you?'}], 'warnings': []}], 'errors': [], 'modelVersion': '2024-03-01'}

2024-11-02 05:29:16,665 - Reason for changes: Automated code modification
2024-11-02 05:29:17,045 - API Response: {'documents': [{'id': '1', 'sentiment': 'positive', 'confidenceScores': {'positive': 1.0, 'neutral': 0.0, 'negative': 0.0}, 'sentences': [{'sentiment': 'positive', 'confidenceScores': {'positive': 1.0, 'neutral': 0.0, 'negative': 0.0}, 'offset': 0, 'length': 14, 'text': 'this is great!'}], 'warnings': []}], 'errors': [], 'modelVersion': '2024-03-01'}
